<?xml version="1.0" encoding="UTF-8"?>
<!-- Generated by org.testng.reporters.JUnitXMLReporter -->
<testsuite hostname="DESKTOP-NV3C88T" ignored="0" name="Command line test" tests="6" failures="0" timestamp="01 Feb 2021 05:38:21 GMT" time="0.087" errors="0">
  <testcase name="IOSApps" time="0.01" classname="qaclickacademy.Mavenjava.AppiumTest"/>
  <testcase name="NativeAndroidApp" time="0.001" classname="qaclickacademy.Mavenjava.AppiumTest"/>
  <testcase name="PostJIRA" time="0.001" classname="qaclickacademy.Mavenjava.RestAPITest"/>
  <testcase name="deleteTwitter" time="0.003" classname="qaclickacademy.Mavenjava.RestAPITest"/>
  <testcase name="BrowserAutomation" time="0.001" classname="qaclickacademy.Mavenjava.SeleniumTest"/>
  <testcase name="elementsUI" time="0.001" classname="qaclickacademy.Mavenjava.SeleniumTest"/>
</testsuite> <!-- Command line test -->
