<?xml version="1.0" encoding="UTF-8"?>
<!-- Generated by org.testng.reporters.JUnitXMLReporter -->
<testsuite hostname="DESKTOP-NV3C88T" ignored="0" name="Test" tests="4" failures="0" timestamp="01 Feb 2021 05:47:36 GMT" time="0.148" errors="0">
  <testcase name="IOSApps" time="0.027" classname="qaclickacademy.Mavenjava.AppiumTest"/>
  <testcase name="NativeAndroidApp" time="0.009" classname="qaclickacademy.Mavenjava.AppiumTest"/>
  <testcase name="BrowserAutomation" time="0.003" classname="qaclickacademy.Mavenjava.SeleniumTest"/>
  <testcase name="elementsUI" time="0.005" classname="qaclickacademy.Mavenjava.SeleniumTest"/>
</testsuite> <!-- Test -->
