<?xml version="1.0" encoding="UTF-8"?>
<testng-results skipped="0" failed="0" ignored="0" total="4" passed="4">
  <reporter-output>
  </reporter-output>
  <suite name="Suite" duration-ms="148" started-at="2021-02-01T05:47:36Z" finished-at="2021-02-01T05:47:36Z">
    <groups>
    </groups>
    <test name="Test" duration-ms="148" started-at="2021-02-01T05:47:36Z" finished-at="2021-02-01T05:47:36Z">
      <class name="qaclickacademy.Mavenjava.AppiumTest">
        <test-method status="PASS" signature="IOSApps()[pri:0, instance:qaclickacademy.Mavenjava.AppiumTest@6d8a00e3]" name="IOSApps" duration-ms="27" started-at="2021-02-01T05:47:36Z" finished-at="2021-02-01T05:47:36Z">
          <reporter-output>
          </reporter-output>
        </test-method> <!-- IOSApps -->
        <test-method status="PASS" signature="NativeAndroidApp()[pri:0, instance:qaclickacademy.Mavenjava.AppiumTest@6d8a00e3]" name="NativeAndroidApp" duration-ms="9" started-at="2021-02-01T05:47:36Z" finished-at="2021-02-01T05:47:36Z">
          <reporter-output>
          </reporter-output>
        </test-method> <!-- NativeAndroidApp -->
      </class> <!-- qaclickacademy.Mavenjava.AppiumTest -->
      <class name="qaclickacademy.Mavenjava.SeleniumTest">
        <test-method status="PASS" signature="BrowserAutomation()[pri:0, instance:qaclickacademy.Mavenjava.SeleniumTest@548b7f67]" name="BrowserAutomation" duration-ms="3" started-at="2021-02-01T05:47:36Z" finished-at="2021-02-01T05:47:36Z">
          <reporter-output>
          </reporter-output>
        </test-method> <!-- BrowserAutomation -->
        <test-method status="PASS" signature="elementsUI()[pri:0, instance:qaclickacademy.Mavenjava.SeleniumTest@548b7f67]" name="elementsUI" duration-ms="5" started-at="2021-02-01T05:47:36Z" finished-at="2021-02-01T05:47:36Z">
          <reporter-output>
          </reporter-output>
        </test-method> <!-- elementsUI -->
      </class> <!-- qaclickacademy.Mavenjava.SeleniumTest -->
    </test> <!-- Test -->
  </suite> <!-- Suite -->
</testng-results>
